<?xml version="1.0" encoding="UTF-8"?>
<!-- Generated by org.testng.reporters.JUnitReportReporter -->
<testsuite skipped="0" hostname="Dhruba" name="com.Framework.java.SettingBrowser" tests="1" failures="0" timestamp="07 Jan 2019 18:28:52 GMT" time="3.329" errors="0">
  <testcase name="setUp" time="3.329" classname="com.Framework.java.SettingBrowser"/>
</testsuite> <!-- com.Framework.java.SettingBrowser -->
